<?xml version="1.0" encoding="UTF-8"?>
<coverage generated="1772460828850" clover="3.2.0">
  <project timestamp="1772460828851" name="All files">
    <metrics statements="62" coveredstatements="52" conditionals="55" coveredconditionals="40" methods="17" coveredmethods="14" elements="134" coveredelements="106" complexity="0" loc="62" ncloc="62" packages="7" files="7" classes="7"/>
    <package name="components.shared.atoms.BaseAlert">
      <metrics statements="2" coveredstatements="2" conditionals="19" coveredconditionals="19" methods="1" coveredmethods="1"/>
      <file name="index.tsx" path="/Users/fathan/Documents/PROJECTS/experiment/admin-react-boilerplate/src/components/shared/atoms/BaseAlert/index.tsx">
        <metrics statements="2" coveredstatements="2" conditionals="19" coveredconditionals="19" methods="1" coveredmethods="1"/>
        <line num="48" count="1" type="stmt"/>
        <line num="65" count="9" type="stmt"/>
      </file>
    </package>
    <package name="components.shared.atoms.BaseAsyncSelect">
      <metrics statements="53" coveredstatements="43" conditionals="34" coveredconditionals="19" methods="11" coveredmethods="8"/>
      <file name="index.tsx" path="/Users/fathan/Documents/PROJECTS/experiment/admin-react-boilerplate/src/components/shared/atoms/BaseAsyncSelect/index.tsx">
        <metrics statements="53" coveredstatements="43" conditionals="34" coveredconditionals="19" methods="11" coveredmethods="8"/>
        <line num="31" count="1" type="stmt"/>
        <line num="46" count="22" type="stmt"/>
        <line num="47" count="22" type="stmt"/>
        <line num="48" count="22" type="stmt"/>
        <line num="49" count="22" type="stmt"/>
        <line num="50" count="22" type="stmt"/>
        <line num="51" count="22" type="stmt"/>
        <line num="52" count="22" type="stmt"/>
        <line num="55" count="22" type="stmt"/>
        <line num="57" count="3" type="cond" truecount="1" falsecount="1"/>
        <line num="59" count="3" type="cond" truecount="1" falsecount="1"/>
        <line num="60" count="3" type="stmt"/>
        <line num="64" count="22" type="cond" truecount="1" falsecount="0"/>
        <line num="65" count="4" type="stmt"/>
        <line num="66" count="4" type="stmt"/>
        <line num="67" count="4" type="stmt"/>
        <line num="68" count="4" type="stmt"/>
        <line num="77" count="3" type="cond" truecount="1" falsecount="1"/>
        <line num="79" count="4" type="stmt"/>
        <line num="81" count="4" type="cond" truecount="1" falsecount="1"/>
        <line num="82" count="0" type="stmt"/>
        <line num="84" count="3" type="stmt"/>
        <line num="85" count="3" type="stmt"/>
        <line num="86" count="3" type="stmt"/>
        <line num="87" count="3" type="stmt"/>
        <line num="89" count="1" type="stmt"/>
        <line num="90" count="1" type="stmt"/>
        <line num="91" count="1" type="stmt"/>
        <line num="92" count="1" type="stmt"/>
        <line num="97" count="22" type="stmt"/>
        <line num="99" count="2" type="stmt"/>
        <line num="100" count="2" type="stmt"/>
        <line num="101" count="2" type="cond" truecount="1" falsecount="1"/>
        <line num="102" count="2" type="stmt"/>
        <line num="103" count="2" type="stmt"/>
        <line num="104" count="2" type="stmt"/>
        <line num="111" count="22" type="stmt"/>
        <line num="112" count="0" type="stmt"/>
        <line num="114" count="0" type="stmt"/>
        <line num="115" count="0" type="stmt"/>
        <line num="116" count="0" type="cond" truecount="0" falsecount="2"/>
        <line num="117" count="0" type="cond" truecount="0" falsecount="4"/>
        <line num="118" count="0" type="stmt"/>
        <line num="119" count="0" type="stmt"/>
        <line num="120" count="0" type="stmt"/>
        <line num="125" count="0" type="stmt"/>
        <line num="137" count="22" type="stmt"/>
        <line num="138" count="2" type="cond" truecount="1" falsecount="1"/>
        <line num="139" count="2" type="stmt"/>
        <line num="140" count="2" type="stmt"/>
        <line num="144" count="22" type="stmt"/>
        <line num="150" count="21" type="stmt"/>
        <line num="159" count="1" type="stmt"/>
      </file>
    </package>
    <package name="components.shared.atoms.BaseText">
      <metrics statements="2" coveredstatements="2" conditionals="0" coveredconditionals="0" methods="1" coveredmethods="1"/>
      <file name="index.tsx" path="/Users/fathan/Documents/PROJECTS/experiment/admin-react-boilerplate/src/components/shared/atoms/BaseText/index.tsx">
        <metrics statements="2" coveredstatements="2" conditionals="0" coveredconditionals="0" methods="1" coveredmethods="1"/>
        <line num="7" count="1" type="stmt"/>
        <line num="8" count="3" type="stmt"/>
      </file>
    </package>
    <package name="components.shared.atoms.BaseTextInput">
      <metrics statements="1" coveredstatements="1" conditionals="2" coveredconditionals="2" methods="1" coveredmethods="1"/>
      <file name="index.tsx" path="/Users/fathan/Documents/PROJECTS/experiment/admin-react-boilerplate/src/components/shared/atoms/BaseTextInput/index.tsx">
        <metrics statements="1" coveredstatements="1" conditionals="2" coveredconditionals="2" methods="1" coveredmethods="1"/>
        <line num="25" count="8" type="stmt"/>
      </file>
    </package>
    <package name="components.shared.atoms.BaseTextarea">
      <metrics statements="1" coveredstatements="1" conditionals="0" coveredconditionals="0" methods="1" coveredmethods="1"/>
      <file name="index.tsx" path="/Users/fathan/Documents/PROJECTS/experiment/admin-react-boilerplate/src/components/shared/atoms/BaseTextarea/index.tsx">
        <metrics statements="1" coveredstatements="1" conditionals="0" coveredconditionals="0" methods="1" coveredmethods="1"/>
        <line num="19" count="5" type="stmt"/>
      </file>
    </package>
    <package name="components.ui">
      <metrics statements="1" coveredstatements="1" conditionals="0" coveredconditionals="0" methods="1" coveredmethods="1"/>
      <file name="provider.tsx" path="/Users/fathan/Documents/PROJECTS/experiment/admin-react-boilerplate/src/components/ui/provider.tsx">
        <metrics statements="1" coveredstatements="1" conditionals="0" coveredconditionals="0" methods="1" coveredmethods="1"/>
        <line num="4" count="30" type="stmt"/>
      </file>
    </package>
    <package name="test">
      <metrics statements="2" coveredstatements="2" conditionals="0" coveredconditionals="0" methods="1" coveredmethods="1"/>
      <file name="test-utils.tsx" path="/Users/fathan/Documents/PROJECTS/experiment/admin-react-boilerplate/src/test/test-utils.tsx">
        <metrics statements="2" coveredstatements="2" conditionals="0" coveredconditionals="0" methods="1" coveredmethods="1"/>
        <line num="4" count="5" type="stmt"/>
        <line num="5" count="30" type="stmt"/>
      </file>
    </package>
  </project>
</coverage>
