{"/Users/fathan/Documents/PROJECTS/experiment/admin-react-boilerplate/src/components/shared/atoms/BaseText/index.tsx": {"path":"/Users/fathan/Documents/PROJECTS/experiment/admin-react-boilerplate/src/components/shared/atoms/BaseText/index.tsx","statementMap":{"0":{"start":{"line":7,"column":17},"end":{"line":13,"column":null}},"1":{"start":{"line":8,"column":2},"end":{"line":11,"column":null}}},"fnMap":{"0":{"name":"(anonymous_0)","decl":{"start":{"line":7,"column":17},"end":{"line":7,"column":18}},"loc":{"start":{"line":7,"column":60},"end":{"line":13,"column":null}},"line":7}},"branchMap":{},"s":{"0":1,"1":3},"f":{"0":3},"b":{},"meta":{"lastBranch":0,"lastFunction":1,"lastStatement":2,"seen":{"s:7:17:13:Infinity":0,"f:7:17:7:18":0,"s:8:2:11:Infinity":1}}}
,"/Users/fathan/Documents/PROJECTS/experiment/admin-react-boilerplate/src/components/ui/provider.tsx": {"path":"/Users/fathan/Documents/PROJECTS/experiment/admin-react-boilerplate/src/components/ui/provider.tsx","statementMap":{"0":{"start":{"line":4,"column":2},"end":{"line":7,"column":null}}},"fnMap":{"0":{"name":"Provider","decl":{"start":{"line":3,"column":16},"end":{"line":3,"column":25}},"loc":{"start":{"line":3,"column":70},"end":{"line":9,"column":null}},"line":3}},"branchMap":{},"s":{"0":3},"f":{"0":3},"b":{},"meta":{"lastBranch":0,"lastFunction":1,"lastStatement":1,"seen":{"f:3:16:3:25":0,"s:4:2:7:Infinity":0}}}
,"/Users/fathan/Documents/PROJECTS/experiment/admin-react-boilerplate/src/test/test-utils.tsx": {"path":"/Users/fathan/Documents/PROJECTS/experiment/admin-react-boilerplate/src/test/test-utils.tsx","statementMap":{"0":{"start":{"line":4,"column":35},"end":{"line":10,"column":null}},"1":{"start":{"line":5,"column":2},"end":{"line":9,"column":null}}},"fnMap":{"0":{"name":"(anonymous_0)","decl":{"start":{"line":4,"column":35},"end":{"line":4,"column":36}},"loc":{"start":{"line":4,"column":63},"end":{"line":10,"column":null}},"line":4}},"branchMap":{},"s":{"0":1,"1":3},"f":{"0":3},"b":{},"meta":{"lastBranch":0,"lastFunction":1,"lastStatement":2,"seen":{"s:4:35:10:Infinity":0,"f:4:35:4:36":0,"s:5:2:9:Infinity":1}}}
}
