{"/Users/fathan/Documents/PROJECTS/experiment/admin-react-boilerplate/src/components/shared/atoms/BaseAlert/index.tsx": {"path":"/Users/fathan/Documents/PROJECTS/experiment/admin-react-boilerplate/src/components/shared/atoms/BaseAlert/index.tsx","statementMap":{"0":{"start":{"line":48,"column":38},"end":{"line":85,"column":null}},"1":{"start":{"line":65,"column":2},"end":{"line":83,"column":null}}},"fnMap":{"0":{"name":"(anonymous_0)","decl":{"start":{"line":48,"column":38},"end":{"line":48,"column":39}},"loc":{"start":{"line":64,"column":6},"end":{"line":85,"column":null}},"line":64}},"branchMap":{"0":{"loc":{"start":{"line":51,"column":2},"end":{"line":51,"column":null}},"type":"default-arg","locations":[{"start":{"line":51,"column":11},"end":{"line":51,"column":null}}],"line":51},"1":{"loc":{"start":{"line":52,"column":2},"end":{"line":52,"column":null}},"type":"default-arg","locations":[{"start":{"line":52,"column":12},"end":{"line":52,"column":null}}],"line":52},"2":{"loc":{"start":{"line":53,"column":2},"end":{"line":53,"column":null}},"type":"default-arg","locations":[{"start":{"line":53,"column":9},"end":{"line":53,"column":null}}],"line":53},"3":{"loc":{"start":{"line":54,"column":2},"end":{"line":54,"column":null}},"type":"default-arg","locations":[{"start":{"line":54,"column":17},"end":{"line":54,"column":null}}],"line":54},"4":{"loc":{"start":{"line":55,"column":2},"end":{"line":55,"column":null}},"type":"default-arg","locations":[{"start":{"line":55,"column":13},"end":{"line":55,"column":null}}],"line":55},"5":{"loc":{"start":{"line":57,"column":2},"end":{"line":57,"column":null}},"type":"default-arg","locations":[{"start":{"line":57,"column":13},"end":{"line":57,"column":null}}],"line":57},"6":{"loc":{"start":{"line":72,"column":15},"end":{"line":72,"column":null}},"type":"cond-expr","locations":[{"start":{"line":72,"column":24},"end":{"line":72,"column":40}},{"start":{"line":72,"column":40},"end":{"line":72,"column":null}}],"line":72},"7":{"loc":{"start":{"line":74,"column":7},"end":{"line":74,"column":null}},"type":"binary-expr","locations":[{"start":{"line":74,"column":7},"end":{"line":74,"column":19}},{"start":{"line":74,"column":19},"end":{"line":74,"column":28}},{"start":{"line":74,"column":28},"end":{"line":74,"column":null}}],"line":74},"8":{"loc":{"start":{"line":75,"column":7},"end":{"line":75,"column":null}},"type":"binary-expr","locations":[{"start":{"line":75,"column":7},"end":{"line":75,"column":15}},{"start":{"line":75,"column":15},"end":{"line":75,"column":null}}],"line":75},"9":{"loc":{"start":{"line":78,"column":9},"end":{"line":78,"column":null}},"type":"binary-expr","locations":[{"start":{"line":78,"column":9},"end":{"line":78,"column":18}},{"start":{"line":78,"column":18},"end":{"line":78,"column":null}}],"line":78},"10":{"loc":{"start":{"line":79,"column":9},"end":{"line":79,"column":null}},"type":"binary-expr","locations":[{"start":{"line":79,"column":9},"end":{"line":79,"column":24}},{"start":{"line":79,"column":24},"end":{"line":79,"column":null}}],"line":79},"11":{"loc":{"start":{"line":82,"column":7},"end":{"line":82,"column":null}},"type":"binary-expr","locations":[{"start":{"line":82,"column":7},"end":{"line":82,"column":19}},{"start":{"line":82,"column":19},"end":{"line":82,"column":null}}],"line":82}},"s":{"0":1,"1":9},"f":{"0":9},"b":{"0":[9],"1":[9],"2":[9],"3":[9],"4":[9],"5":[9],"6":[1,8],"7":[9,8,7],"8":[9,1],"9":[9,8],"10":[9,1],"11":[9,2]},"meta":{"lastBranch":12,"lastFunction":1,"lastStatement":2,"seen":{"s:48:38:85:Infinity":0,"f:48:38:48:39":0,"b:51:11:51:Infinity":0,"b:52:12:52:Infinity":1,"b:53:9:53:Infinity":2,"b:54:17:54:Infinity":3,"b:55:13:55:Infinity":4,"b:57:13:57:Infinity":5,"s:65:2:83:Infinity":1,"b:72:24:72:40:72:40:72:Infinity":6,"b:74:7:74:19:74:19:74:28:74:28:74:Infinity":7,"b:75:7:75:15:75:15:75:Infinity":8,"b:78:9:78:18:78:18:78:Infinity":9,"b:79:9:79:24:79:24:79:Infinity":10,"b:82:7:82:19:82:19:82:Infinity":11}}}
,"/Users/fathan/Documents/PROJECTS/experiment/admin-react-boilerplate/src/components/shared/atoms/BaseAsyncSelect/index.tsx": {"path":"/Users/fathan/Documents/PROJECTS/experiment/admin-react-boilerplate/src/components/shared/atoms/BaseAsyncSelect/index.tsx","statementMap":{"0":{"start":{"line":31,"column":63},"end":{"line":170,"column":null}},"1":{"start":{"line":46,"column":28},"end":{"line":46,"column":null}},"2":{"start":{"line":47,"column":22},"end":{"line":47,"column":null}},"3":{"start":{"line":48,"column":28},"end":{"line":48,"column":null}},"4":{"start":{"line":49,"column":34},"end":{"line":49,"column":null}},"5":{"start":{"line":50,"column":32},"end":{"line":50,"column":null}},"6":{"start":{"line":51,"column":8},"end":{"line":51,"column":null}},"7":{"start":{"line":52,"column":8},"end":{"line":52,"column":null}},"8":{"start":{"line":55,"column":22},"end":{"line":61,"column":null}},"9":{"start":{"line":57,"column":6},"end":{"line":57,"column":null}},"10":{"start":{"line":59,"column":6},"end":{"line":59,"column":null}},"11":{"start":{"line":60,"column":4},"end":{"line":60,"column":null}},"12":{"start":{"line":64,"column":23},"end":{"line":94,"column":null}},"13":{"start":{"line":65,"column":4},"end":{"line":65,"column":null}},"14":{"start":{"line":66,"column":4},"end":{"line":66,"column":null}},"15":{"start":{"line":67,"column":4},"end":{"line":93,"column":null}},"16":{"start":{"line":68,"column":23},"end":{"line":75,"column":null}},"17":{"start":{"line":77,"column":24},"end":{"line":77,"column":null}},"18":{"start":{"line":79,"column":21},"end":{"line":79,"column":null}},"19":{"start":{"line":81,"column":6},"end":{"line":82,"column":null}},"20":{"start":{"line":81,"column":28},"end":{"line":81,"column":null}},"21":{"start":{"line":82,"column":11},"end":{"line":82,"column":null}},"22":{"start":{"line":82,"column":32},"end":{"line":82,"column":52}},"23":{"start":{"line":84,"column":6},"end":{"line":84,"column":null}},"24":{"start":{"line":85,"column":6},"end":{"line":85,"column":null}},"25":{"start":{"line":86,"column":6},"end":{"line":86,"column":null}},"26":{"start":{"line":87,"column":6},"end":{"line":87,"column":null}},"27":{"start":{"line":89,"column":6},"end":{"line":89,"column":null}},"28":{"start":{"line":90,"column":6},"end":{"line":90,"column":null}},"29":{"start":{"line":91,"column":6},"end":{"line":91,"column":null}},"30":{"start":{"line":92,"column":6},"end":{"line":92,"column":null}},"31":{"start":{"line":97,"column":8},"end":{"line":108,"column":null}},"32":{"start":{"line":99,"column":6},"end":{"line":99,"column":null}},"33":{"start":{"line":100,"column":6},"end":{"line":100,"column":null}},"34":{"start":{"line":101,"column":6},"end":{"line":101,"column":null}},"35":{"start":{"line":101,"column":31},"end":{"line":101,"column":null}},"36":{"start":{"line":102,"column":6},"end":{"line":105,"column":null}},"37":{"start":{"line":103,"column":27},"end":{"line":103,"column":null}},"38":{"start":{"line":104,"column":8},"end":{"line":104,"column":null}},"39":{"start":{"line":111,"column":19},"end":{"line":135,"column":null}},"40":{"start":{"line":112,"column":35},"end":{"line":112,"column":null}},"41":{"start":{"line":114,"column":25},"end":{"line":123,"column":null}},"42":{"start":{"line":115,"column":21},"end":{"line":115,"column":null}},"43":{"start":{"line":116,"column":6},"end":{"line":122,"column":null}},"44":{"start":{"line":117,"column":8},"end":{"line":121,"column":null}},"45":{"start":{"line":118,"column":27},"end":{"line":118,"column":null}},"46":{"start":{"line":119,"column":10},"end":{"line":119,"column":null}},"47":{"start":{"line":120,"column":10},"end":{"line":120,"column":null}},"48":{"start":{"line":125,"column":4},"end":{"line":133,"column":null}},"49":{"start":{"line":137,"column":25},"end":{"line":142,"column":null}},"50":{"start":{"line":138,"column":4},"end":{"line":141,"column":null}},"51":{"start":{"line":139,"column":6},"end":{"line":139,"column":null}},"52":{"start":{"line":140,"column":6},"end":{"line":140,"column":null}},"53":{"start":{"line":144,"column":2},"end":{"line":168,"column":null}},"54":{"start":{"line":150,"column":10},"end":{"line":165,"column":null}},"55":{"start":{"line":159,"column":36},"end":{"line":159,"column":null}}},"fnMap":{"0":{"name":"(anonymous_0)","decl":{"start":{"line":31,"column":63},"end":{"line":31,"column":64}},"loc":{"start":{"line":45,"column":6},"end":{"line":170,"column":null}},"line":45},"1":{"name":"(anonymous_1)","decl":{"start":{"line":55,"column":22},"end":{"line":55,"column":23}},"loc":{"start":{"line":55,"column":49},"end":{"line":61,"column":null}},"line":55},"2":{"name":"(anonymous_2)","decl":{"start":{"line":64,"column":23},"end":{"line":64,"column":30}},"loc":{"start":{"line":64,"column":88},"end":{"line":94,"column":null}},"line":64},"3":{"name":"(anonymous_3)","decl":{"start":{"line":82,"column":22},"end":{"line":82,"column":23}},"loc":{"start":{"line":82,"column":32},"end":{"line":82,"column":52}},"line":82},"4":{"name":"(anonymous_4)","decl":{"start":{"line":98,"column":4},"end":{"line":98,"column":5}},"loc":{"start":{"line":98,"column":66},"end":{"line":106,"column":null}},"line":98},"5":{"name":"(anonymous_5)","decl":{"start":{"line":102,"column":39},"end":{"line":102,"column":51}},"loc":{"start":{"line":102,"column":51},"end":{"line":105,"column":9}},"line":102},"6":{"name":"(anonymous_6)","decl":{"start":{"line":111,"column":19},"end":{"line":111,"column":20}},"loc":{"start":{"line":111,"column":35},"end":{"line":135,"column":null}},"line":111},"7":{"name":"(anonymous_7)","decl":{"start":{"line":114,"column":25},"end":{"line":114,"column":32}},"loc":{"start":{"line":114,"column":69},"end":{"line":123,"column":null}},"line":114},"8":{"name":"(anonymous_8)","decl":{"start":{"line":137,"column":25},"end":{"line":137,"column":37}},"loc":{"start":{"line":137,"column":37},"end":{"line":142,"column":null}},"line":137},"9":{"name":"(anonymous_9)","decl":{"start":{"line":149,"column":16},"end":{"line":149,"column":17}},"loc":{"start":{"line":150,"column":10},"end":{"line":165,"column":null}},"line":150},"10":{"name":"(anonymous_10)","decl":{"start":{"line":159,"column":24},"end":{"line":159,"column":25}},"loc":{"start":{"line":159,"column":36},"end":{"line":159,"column":null}},"line":159}},"branchMap":{"0":{"loc":{"start":{"line":34,"column":2},"end":{"line":34,"column":null}},"type":"default-arg","locations":[{"start":{"line":34,"column":16},"end":{"line":34,"column":null}}],"line":34},"1":{"loc":{"start":{"line":35,"column":2},"end":{"line":35,"column":null}},"type":"default-arg","locations":[{"start":{"line":35,"column":16},"end":{"line":35,"column":null}}],"line":35},"2":{"loc":{"start":{"line":36,"column":2},"end":{"line":36,"column":null}},"type":"default-arg","locations":[{"start":{"line":36,"column":13},"end":{"line":36,"column":null}}],"line":36},"3":{"loc":{"start":{"line":38,"column":2},"end":{"line":38,"column":null}},"type":"default-arg","locations":[{"start":{"line":38,"column":19},"end":{"line":38,"column":null}}],"line":38},"4":{"loc":{"start":{"line":39,"column":2},"end":{"line":39,"column":null}},"type":"default-arg","locations":[{"start":{"line":39,"column":18},"end":{"line":39,"column":null}}],"line":39},"5":{"loc":{"start":{"line":40,"column":2},"end":{"line":40,"column":null}},"type":"default-arg","locations":[{"start":{"line":40,"column":17},"end":{"line":40,"column":null}}],"line":40},"6":{"loc":{"start":{"line":41,"column":2},"end":{"line":41,"column":null}},"type":"default-arg","locations":[{"start":{"line":41,"column":13},"end":{"line":41,"column":null}}],"line":41},"7":{"loc":{"start":{"line":42,"column":2},"end":{"line":42,"column":null}},"type":"default-arg","locations":[{"start":{"line":42,"column":15},"end":{"line":42,"column":null}}],"line":42},"8":{"loc":{"start":{"line":43,"column":2},"end":{"line":43,"column":null}},"type":"default-arg","locations":[{"start":{"line":43,"column":15},"end":{"line":43,"column":null}}],"line":43},"9":{"loc":{"start":{"line":57,"column":6},"end":{"line":57,"column":null}},"type":"cond-expr","locations":[{"start":{"line":57,"column":41},"end":{"line":57,"column":60}},{"start":{"line":57,"column":60},"end":{"line":57,"column":null}}],"line":57},"10":{"loc":{"start":{"line":59,"column":6},"end":{"line":59,"column":null}},"type":"cond-expr","locations":[{"start":{"line":59,"column":41},"end":{"line":59,"column":60}},{"start":{"line":59,"column":60},"end":{"line":59,"column":null}}],"line":59},"11":{"loc":{"start":{"line":64,"column":30},"end":{"line":64,"column":46}},"type":"default-arg","locations":[{"start":{"line":64,"column":43},"end":{"line":64,"column":46}}],"line":64},"12":{"loc":{"start":{"line":70,"column":29},"end":{"line":70,"column":null}},"type":"binary-expr","locations":[{"start":{"line":70,"column":29},"end":{"line":70,"column":38}},{"start":{"line":70,"column":38},"end":{"line":70,"column":null}}],"line":70},"13":{"loc":{"start":{"line":77,"column":24},"end":{"line":77,"column":null}},"type":"cond-expr","locations":[{"start":{"line":77,"column":55},"end":{"line":77,"column":71}},{"start":{"line":77,"column":71},"end":{"line":77,"column":null}}],"line":77},"14":{"loc":{"start":{"line":81,"column":6},"end":{"line":82,"column":null}},"type":"if","locations":[{"start":{"line":81,"column":6},"end":{"line":82,"column":null}},{"start":{"line":82,"column":11},"end":{"line":82,"column":null}}],"line":81},"15":{"loc":{"start":{"line":101,"column":6},"end":{"line":101,"column":null}},"type":"if","locations":[{"start":{"line":101,"column":6},"end":{"line":101,"column":null}},{"start":{},"end":{}}],"line":101},"16":{"loc":{"start":{"line":116,"column":6},"end":{"line":122,"column":null}},"type":"if","locations":[{"start":{"line":116,"column":6},"end":{"line":122,"column":null}},{"start":{},"end":{}}],"line":116},"17":{"loc":{"start":{"line":117,"column":8},"end":{"line":121,"column":null}},"type":"if","locations":[{"start":{"line":117,"column":8},"end":{"line":121,"column":null}},{"start":{},"end":{}}],"line":117},"18":{"loc":{"start":{"line":117,"column":12},"end":{"line":117,"column":44}},"type":"binary-expr","locations":[{"start":{"line":117,"column":12},"end":{"line":117,"column":35}},{"start":{"line":117,"column":35},"end":{"line":117,"column":44}}],"line":117},"19":{"loc":{"start":{"line":128,"column":9},"end":{"line":131,"column":null}},"type":"binary-expr","locations":[{"start":{"line":128,"column":9},"end":{"line":128,"column":null}},{"start":{"line":129,"column":10},"end":{"line":131,"column":null}}],"line":128},"20":{"loc":{"start":{"line":138,"column":4},"end":{"line":141,"column":null}},"type":"if","locations":[{"start":{"line":138,"column":4},"end":{"line":141,"column":null}},{"start":{},"end":{}}],"line":138},"21":{"loc":{"start":{"line":163,"column":36},"end":{"line":163,"column":80}},"type":"cond-expr","locations":[{"start":{"line":163,"column":44},"end":{"line":163,"column":63}},{"start":{"line":163,"column":63},"end":{"line":163,"column":80}}],"line":163}},"s":{"0":1,"1":22,"2":22,"3":22,"4":22,"5":22,"6":22,"7":22,"8":22,"9":3,"10":3,"11":3,"12":22,"13":4,"14":4,"15":4,"16":4,"17":3,"18":4,"19":4,"20":3,"21":0,"22":0,"23":3,"24":3,"25":3,"26":3,"27":1,"28":1,"29":1,"30":1,"31":22,"32":2,"33":2,"34":2,"35":0,"36":2,"37":2,"38":2,"39":22,"40":0,"41":0,"42":0,"43":0,"44":0,"45":0,"46":0,"47":0,"48":0,"49":22,"50":2,"51":2,"52":2,"53":22,"54":21,"55":1},"f":{"0":22,"1":3,"2":4,"3":0,"4":2,"5":2,"6":0,"7":0,"8":2,"9":21,"10":1},"b":{"0":[22],"1":[22],"2":[22],"3":[22],"4":[22],"5":[22],"6":[22],"7":[22],"8":[22],"9":[0,3],"10":[0,3],"11":[4],"12":[4,2],"13":[3,0],"14":[3,0],"15":[0,2],"16":[0,0],"17":[0,0],"18":[0,0],"19":[0,0],"20":[2,0],"21":[0,21]},"meta":{"lastBranch":22,"lastFunction":11,"lastStatement":56,"seen":{"s:31:63:170:Infinity":0,"f:31:63:31:64":0,"b:34:16:34:Infinity":0,"b:35:16:35:Infinity":1,"b:36:13:36:Infinity":2,"b:38:19:38:Infinity":3,"b:39:18:39:Infinity":4,"b:40:17:40:Infinity":5,"b:41:13:41:Infinity":6,"b:42:15:42:Infinity":7,"b:43:15:43:Infinity":8,"s:46:28:46:Infinity":1,"s:47:22:47:Infinity":2,"s:48:28:48:Infinity":3,"s:49:34:49:Infinity":4,"s:50:32:50:Infinity":5,"s:51:8:51:Infinity":6,"s:52:8:52:Infinity":7,"s:55:22:61:Infinity":8,"f:55:22:55:23":1,"s:57:6:57:Infinity":9,"b:57:41:57:60:57:60:57:Infinity":9,"s:59:6:59:Infinity":10,"b:59:41:59:60:59:60:59:Infinity":10,"s:60:4:60:Infinity":11,"s:64:23:94:Infinity":12,"f:64:23:64:30":2,"b:64:43:64:46":11,"s:65:4:65:Infinity":13,"s:66:4:66:Infinity":14,"s:67:4:93:Infinity":15,"s:68:23:75:Infinity":16,"b:70:29:70:38:70:38:70:Infinity":12,"s:77:24:77:Infinity":17,"b:77:55:77:71:77:71:77:Infinity":13,"s:79:21:79:Infinity":18,"b:81:6:82:Infinity:82:11:82:Infinity":14,"s:81:6:82:Infinity":19,"s:81:28:81:Infinity":20,"s:82:11:82:Infinity":21,"f:82:22:82:23":3,"s:82:32:82:52":22,"s:84:6:84:Infinity":23,"s:85:6:85:Infinity":24,"s:86:6:86:Infinity":25,"s:87:6:87:Infinity":26,"s:89:6:89:Infinity":27,"s:90:6:90:Infinity":28,"s:91:6:91:Infinity":29,"s:92:6:92:Infinity":30,"s:97:8:108:Infinity":31,"f:98:4:98:5":4,"s:99:6:99:Infinity":32,"s:100:6:100:Infinity":33,"b:101:6:101:Infinity:undefined:undefined:undefined:undefined":15,"s:101:6:101:Infinity":34,"s:101:31:101:Infinity":35,"s:102:6:105:Infinity":36,"f:102:39:102:51":5,"s:103:27:103:Infinity":37,"s:104:8:104:Infinity":38,"s:111:19:135:Infinity":39,"f:111:19:111:20":6,"s:112:35:112:Infinity":40,"s:114:25:123:Infinity":41,"f:114:25:114:32":7,"s:115:21:115:Infinity":42,"b:116:6:122:Infinity:undefined:undefined:undefined:undefined":16,"s:116:6:122:Infinity":43,"b:117:8:121:Infinity:undefined:undefined:undefined:undefined":17,"s:117:8:121:Infinity":44,"b:117:12:117:35:117:35:117:44":18,"s:118:27:118:Infinity":45,"s:119:10:119:Infinity":46,"s:120:10:120:Infinity":47,"s:125:4:133:Infinity":48,"b:128:9:128:Infinity:129:10:131:Infinity":19,"s:137:25:142:Infinity":49,"f:137:25:137:37":8,"b:138:4:141:Infinity:undefined:undefined:undefined:undefined":20,"s:138:4:141:Infinity":50,"s:139:6:139:Infinity":51,"s:140:6:140:Infinity":52,"s:144:2:168:Infinity":53,"f:149:16:149:17":9,"s:150:10:165:Infinity":54,"f:159:24:159:25":10,"s:159:36:159:Infinity":55,"b:163:44:163:63:163:63:163:80":21}}}
,"/Users/fathan/Documents/PROJECTS/experiment/admin-react-boilerplate/src/components/shared/atoms/BaseText/index.tsx": {"path":"/Users/fathan/Documents/PROJECTS/experiment/admin-react-boilerplate/src/components/shared/atoms/BaseText/index.tsx","statementMap":{"0":{"start":{"line":7,"column":17},"end":{"line":13,"column":null}},"1":{"start":{"line":8,"column":2},"end":{"line":11,"column":null}}},"fnMap":{"0":{"name":"(anonymous_0)","decl":{"start":{"line":7,"column":17},"end":{"line":7,"column":18}},"loc":{"start":{"line":7,"column":60},"end":{"line":13,"column":null}},"line":7}},"branchMap":{},"s":{"0":1,"1":3},"f":{"0":3},"b":{},"meta":{"lastBranch":0,"lastFunction":1,"lastStatement":2,"seen":{"s:7:17:13:Infinity":0,"f:7:17:7:18":0,"s:8:2:11:Infinity":1}}}
,"/Users/fathan/Documents/PROJECTS/experiment/admin-react-boilerplate/src/components/shared/atoms/BaseTextInput/index.tsx": {"path":"/Users/fathan/Documents/PROJECTS/experiment/admin-react-boilerplate/src/components/shared/atoms/BaseTextInput/index.tsx","statementMap":{"0":{"start":{"line":25,"column":2},"end":{"line":35,"column":null}}},"fnMap":{"0":{"name":"BaseTextInput","decl":{"start":{"line":16,"column":16},"end":{"line":16,"column":30}},"loc":{"start":{"line":24,"column":23},"end":{"line":37,"column":null}},"line":24}},"branchMap":{"0":{"loc":{"start":{"line":19,"column":2},"end":{"line":19,"column":null}},"type":"default-arg","locations":[{"start":{"line":19,"column":15},"end":{"line":19,"column":null}}],"line":19},"1":{"loc":{"start":{"line":21,"column":2},"end":{"line":21,"column":null}},"type":"default-arg","locations":[{"start":{"line":21,"column":9},"end":{"line":21,"column":null}}],"line":21}},"s":{"0":8},"f":{"0":8},"b":{"0":[8],"1":[8]},"meta":{"lastBranch":2,"lastFunction":1,"lastStatement":1,"seen":{"f:16:16:16:30":0,"b:19:15:19:Infinity":0,"b:21:9:21:Infinity":1,"s:25:2:35:Infinity":0}}}
,"/Users/fathan/Documents/PROJECTS/experiment/admin-react-boilerplate/src/components/shared/atoms/BaseTextarea/index.tsx": {"path":"/Users/fathan/Documents/PROJECTS/experiment/admin-react-boilerplate/src/components/shared/atoms/BaseTextarea/index.tsx","statementMap":{"0":{"start":{"line":19,"column":2},"end":{"line":27,"column":null}}},"fnMap":{"0":{"name":"BaseTextArea","decl":{"start":{"line":13,"column":16},"end":{"line":13,"column":29}},"loc":{"start":{"line":18,"column":22},"end":{"line":29,"column":null}},"line":18}},"branchMap":{},"s":{"0":5},"f":{"0":5},"b":{},"meta":{"lastBranch":0,"lastFunction":1,"lastStatement":1,"seen":{"f:13:16:13:29":0,"s:19:2:27:Infinity":0}}}
,"/Users/fathan/Documents/PROJECTS/experiment/admin-react-boilerplate/src/components/ui/provider.tsx": {"path":"/Users/fathan/Documents/PROJECTS/experiment/admin-react-boilerplate/src/components/ui/provider.tsx","statementMap":{"0":{"start":{"line":4,"column":2},"end":{"line":7,"column":null}}},"fnMap":{"0":{"name":"Provider","decl":{"start":{"line":3,"column":16},"end":{"line":3,"column":25}},"loc":{"start":{"line":3,"column":70},"end":{"line":9,"column":null}},"line":3}},"branchMap":{},"s":{"0":30},"f":{"0":30},"b":{},"meta":{"lastBranch":0,"lastFunction":1,"lastStatement":1,"seen":{"f:3:16:3:25":0,"s:4:2:7:Infinity":0}}}
,"/Users/fathan/Documents/PROJECTS/experiment/admin-react-boilerplate/src/test/test-utils.tsx": {"path":"/Users/fathan/Documents/PROJECTS/experiment/admin-react-boilerplate/src/test/test-utils.tsx","statementMap":{"0":{"start":{"line":4,"column":35},"end":{"line":10,"column":null}},"1":{"start":{"line":5,"column":2},"end":{"line":9,"column":null}}},"fnMap":{"0":{"name":"(anonymous_0)","decl":{"start":{"line":4,"column":35},"end":{"line":4,"column":36}},"loc":{"start":{"line":4,"column":63},"end":{"line":10,"column":null}},"line":4}},"branchMap":{},"s":{"0":5,"1":30},"f":{"0":30},"b":{},"meta":{"lastBranch":0,"lastFunction":1,"lastStatement":2,"seen":{"s:4:35:10:Infinity":0,"f:4:35:4:36":0,"s:5:2:9:Infinity":1}}}
}
